[   .000] Itiizing cgroup subsys cpuset
[    0.000000] Initializing cgroup subsys cpu
[    0.000000] Initializing cgroup subsys cpuacct
[    0.000000] Linux version 4.4.0-127-generic (buildd@lcy01-am6423 (gcveion 4.2060609 (Ubuntu 5.4.0-6ubuntu1~16.04.9) ) #153-Ubuntu SMP Sat May 19 10:58:46 UTC 2018 (Ubuntu 4.4.0-127.153-generic 4.4.128)
[    0.000000] Command line: BOOT_IMAGE=/boot/vmlinuz-4.4.0-127-generic root=LABEL=cloudimg-rootfro console=tty1 console=ttyS0
[    0.000000] KERNEL supported cpus:
[    0.000000]   Intel GenuineIntel
[    0.000000]   AMD AuthenticAMD
[    0.000000]   Centaur CentaurHauls
[    0.000000] x86/fpu: xstate_offset[2]:  576, xstate_sizes[:  256
[    0.000000] x86/fpu: Supporting XSAVE feature 0x01: 'x87 floating point registers'
[    0.000000] x86/fpu: Supporting XSAVE feature 0x02: 'SSE registers'
[    0.000000] x86/fpu: Supporting XSAVE feature 0x04: 'AVX registers'
[    0.000000] x86/fpu: Enabled xatfeturesx7cotextizis 8 bes using 'sanrdforma.   0.000000] x86fp Ung 'zyFP conxtwitcs.[    .000] e820: BS-ovdedhycalRAM ap
[   0.000000] BIOS-e820: [mem 0x0000000000000000-0x000000000009fbff] usable
[    0.000000] BIOS-e820: [mem 0x000000000009fc00-0x000000000009ffff] reserved
[    0.000000] BIOS-e820: [mem 0x00000000000f0000-0x00000000000fffff] reserved
[    0.000000] BIOS-e820: [mem 0x0000000000100000-0x00000000dffeffff] usable
[    0.000000] BIOS-e820: [mem 0x00000000dfff0000-0x00000000dfffffff] ACPI dat
[   0000000] BIOS-e820: [mem 0x00000000fec00000-0x00000000fec00fff] reserved
[    0.000000] BIOS-e820: [mem 0x00000000fee00000-0x00000000fee00fff] reserved
[    0.000000] BIOS-e820: [mem 0x00000000fffc0000-0x00000000ffffffff] reserved
[    0.000000] BIOS-e820: [mem 0x0000000100000000-0x000000029fffffff] usable
[    0.0000]X (Exece sabl) precon: ti
    00000] SMBIOS 2.5 present.
[    0.000000] Hypervisor detected: KVM
[    0.000000] e820: last_pfn = 0x2a0000 max_arch_pfn = 0x400000000
[    0.0000] MTR:isbled  0.0000x8/PATMTs diable sippingPAintialzaontoo.[  0.000 CU MTR a bla -irualid stem.
[  000000] x86/PT:oniguraio[0-7]: WB  WT  UC- UC  WB  WT  UC- UC  
[    0.000000]e820: lastpf= xdff m_ach_pfn = x400000   0.00000] un S Mtale  [me0x009ff0x009ffff]maedat ff800009fff0]
  0.0000] Snng  areas orow memory corruption
[    0.000000RAMDISK: [emx3ab4000-371fff]
[    0.000000] ACPI: Early table checksum verification disabled
[    0.000000] ACPI: RSDP 0x00000000000E0000 000024 (v VX  )[  0.0000 API: XSDT 0x00000000DFFF0030 00003C (v01 VBOX   VBOXXSDT 00000001 ASL  00000061)
[    0.000000] ACPI: FACP 0x00000000DFFF00F0 0000F4 (v04 VBOX   VBOXFACP 00000001 ASL  00000061)
[    0.000000] ACI: DSDT 0x00000000DFFF0490 0021FF (v02 VBOX   VBOXBIOS 00000002 INTL 20100528)
[  0.00000] ACPI: FACS 0x00000000DFFF0200 000040
[    0.000000] ACPI: FACS 0x00000000DFFF0200 000040
[    0.000000] ACPI: APIC 0x00000000DFFF0240 00007C (v02 VBOX   VBOXAPIC 00000001 ASL  00000061)
[    0.000000] ACPI: SSDT 0x00000000DFFF02C0 0001CC (v01 VBOX   VBOXCPUT 00000002 INTL 2005)
[    0.000000] No NUMA configuration found
[    0.000000] Faking a node at [mem 0x0000000000000000-0x000000029fffffff]
[    0.000000] NODE_DATA(0) allocated [mem 0x29fff3000-0x29fff7fff]
[    0.000000] kvm-clock: Using msrs 4b564d01 and 4b564d00
[    0.000000] kvm-clock: cpu 0, msr 2:9ffeb001, primary cpu clock
[    0.000000] kvm-clock: using sched offset of 3948394090 cycles
[    0.000000] clocksource: kvm-clock: mask: 0xffffffffffffffff max_cycles: 0x1cd42e4dffb, max_idle_ns: 881590591483 ns
[    0.000000] Zone ranges:
[   0.000000]   DMA      [mem 0x0000000000001000-0x0000000000ffffff]
[    0.000000]   DMA32    [mem 0x0000000001000000-0x00000000ffffffff]
[    0.000000]   Normal   [mem 0x0000000100000000-0x000000029fffffff]
[    0.000000]   Device   empty
[    0.000000] Movable zone start for each node
[    0.000000] Early memory node ranges
[    0.000000]   node   0: [mem 0x0000000000001000-0x000000000009efff]
[    0.000000]   node   0: [mem 0x0000000000100000-0x00000000dffeffff]
[    0.000000]   node   0: [mem 0x0000000100000000-0x000000029fffffff]
[    0.000000] Initmem setup node 0 [mem 0x0000000000001000-0x000000029fffffff]
[    0.000000] ACPI: PM-Timer IO Port: 0x4008
[    0.000000] IOAPIC[0]: apic_id 6, version 32, address 0xfec00000, GSI 0-23
[    0.000000] ACPI: INT_SRC_OVR (bus 0 bus_irq 0 global_irq 2 dfl dfl)
[    0.000000] ACPI: INT_SRC_OVR (bus 0 bus_irq 9 global_irq 9 low level)
[    0.000000] Using ACPI (MADT) for SMP configuration information
[    0.000000] smpboot: Allowing 6 CPUs, 0 hotplug CPUs
[    0.000000] PM: Registered nosave memory: [mem 0x00000000-0x00000fff]
[    0.000000] PM: Registered osave memory: [mem 0x0009f000-0x0009ffff]
[    0.000000] PM: Registred nosave memory: [mem 0x000a0000-0x000effff]
[    0.000000] PM: Registered nosave memory: [mem 0x000f0000-0x000fffff]
[    0.000000] PM: Registered nosave memory: [mem 0xdfff0000-0xdfffffff]
[    0.000000] PM: Registered nosave memory: [mem 0xe0000000-0xfebfffff]
[    0.000000] PM: Registered nosave memory: [mem 0xfec00000-0xfec00fff]
[    0.000000] PM: Registered nosave memory:me0xec010-fefffff
  0.0000] M: Rgistered nosav mor: [mem xf000-0xe0ff
[  00000 P Rgistedosve memory: [mem0xe0000-0xfffbffff]
[  0.000000] PM: Registered nosave memory: [mem 0xfffc0000-0xffffffff]
[    0.000000] e820: [mem 0xe0000000-0xfebfffff] available for PCI devices
[    0.000000] Booting paravirtualized kernel on KVM
[    0.000000] clocksource: refined-jiffies: mask: 0xffffffff max_cycles: 0xffffffff, max_idle_ns: 7645519600211568 ns
[    0.000000] setup_percpu: NR_CPUS:512 nr_cpumask_bits:512 nr_cpu_ids:6 nr_node_ids:1
[    0.000000] PERCPU: Embedded 34 pages/cpu @ffff88029fc00000 s99544 r8192 d31528 u262144
[    0.000000] PV qspinlock hash table entries: 256 (order: 0, 4096 bytes)
[    0.000000] Built 1 zonelists in Node order, mobility grouping on.  Total pages: 2580344
[    0.000000] Policy zone: Normal
[    0.000000] Kernel command line: BOOT_IMAGE=/boot/vmlinuz-4.4.0-127-generic root=LABEL=cloudimg-rootfs ro console=tty1 console=ttyS0
[    0.000000] ID hash table entries: 4096 (order: 3, 32768 bytes)
[    0.000000] Memory: 10224752K/10485304K available (8537K kernel code, 1313K rwdata, 4000K rodata, 1512K init, 1316K bss, 260552K reserved, 0K cma-reserved)
[    0.000000] SLUB: HWalign=64, Order=0-3, MinObjects=0, CPUs=6, Nodes=1
[    0.000000] Kernel/User page tables isolation: enabled
[    0.000000] Hierarchical RCU implementation.
[    0.000000] 	Build-time adjustment of leaf fanout to 64.
[    0.000000] 	RCU restricting CPUs from NR_CPUS=512 to nr_cpu_ids=6.
[    0.000000] RCU: Adjusting geometry for rcu_fanout_leaf=64, nr_cpu_ids=6
[    0.000000] NR_IRQS:33024 nr_irqs:472 16
[    0.000000] Console: colour VGA+ 80x25
[    0.000000] console [tty1] enabled
[    0.000000] console [ttyS0] enabled
[    0.000000] tsc: Detected 3504.000 MHz processor
[    4.492620] Calibrating delay loop (skipped) preset value.. 7008.00 BogoMIPS (lpj=14016000)
[    4.493906] pid_max: default: 32768 minimum: 301
[    4.494590] ACPI: Core revision 20150930
[    4.495953] ACPI: 2 ACPI AML tables successfully acquired and loaded
[    4.496974] Security Framework initialized
[    4.497602] Yama: becoming mindful.
[    4.498176] AppArmor: AppArmor initialized

[    4.503194] Dentry cache hash table entries: 2097152 (order: 12, 16777216 bytes)
[    4.525619] Inode-cache hash table entries: 1048576 (order: 11, 8388608 bytes)
[    4.535138] Mount-cache hash table entries: 32768 (order: 6, 262144 bytes)
[    4.536170] Mountpoint-cache hash table entries: 32768 (order: 6, 262144 bytes)
[    4.540414] Initializing cgroup subsys io
[    4.541124] Initializing cgroup subsys memory
[    4.541790] Initializing cgroup subsys devices
[    4.542455] Initializing cgroup subsys freezer
[    4.543170] Initializing cgroup subsys net_cls
[    4.543847] Initializing cgroup subsys perf_event
[    4.544607] Initializing cgroup subsys net_prio
[    4.545293] Initializing cgroup subsys hugetlb
[    4.545987] Initializing cgroup subsys pids
[    4.546648] CPU: Physical Processor ID: 0
[    4.547257] CPU: Processor Core ID: 0
[    4.548849] mce: CPU supports 0 MCE banks
[    4.549480] Last level iTLB entries: 4KB 128, 2MB 8, 4MB 8
[    4.550235] Last level dTLB entries: 4KB 64, 2MB 0, 4MB 0, 1GB 4
[    4.551082] Spectre V2 : Mitigation: Full generic retpoline
[    4.551883] Spectre V2 : Speculation control IBPB not-supported IBRS not-supported
[    4.552900] Spectre V2 : Filling RSB on context switch
[    4.603802] Speculative Store Bypass: Vulnerable
[    4.612686] Freeing SMP alternatives memory: 32K
[    4.620337] ftrace: allocating 32237 entries in 126 pages
[    4.667562] smpboot: APIC(0) Converting physical 0 to logical package 0
[    4.701461] smpboot: Max logical packages: 1
[    4.702389] x2apic enabled
[    4.703133] Switched APIC routing to physical x2apic.
[    4.704938] ..TIMER: vector=0x30 apic1=0 pin1=2 apic2=-1 pin2=-1
[    4.812537] smpboot: CPU0: Intel(R) Core(TM) i5-6600K CPU @ 3.50GHz (family: 0x6, model: 0x5e, stepping: 0x3)
[    4.814161] Performance Events: unsupported p6 CPU model 94 no PMU driver, software events only.
[    4.817583] KVM setup paravirtual spinlock
[    4.818769] x86: Booting SMP configuration:
[    4.819421] .... node  #0, CPUs:      #1
[    4.820106] kvm-clock: cpu 1, msr 2:9ffeb041, secondary cpu clock
[    4.821644] mce: CPU supports 0 MCE banks
[    4.824079]  #2
[    4.824518] kvm-clock: cpu 2, msr 2:9ffeb081, secondary cpu clock
[    4.826041] mce: CPU supports 0 MCE banks
[    4.831022]  #3
[    4.831433] kvm-clock: cpu 3, msr 2:9ffeb0c1, secondary cpu clock
[    4.832937] mce: CPU supports 0 MCE banks
[    4.842218]  #4
[    4.842740] kvm-clock: cpu 4, msr 2:9ffeb101, secondary cpu clock
[    4.844280] mce: CPU supports 0 MCE banks
[    4.846704]  #5
[    4.847070] kvm-clock: cpu 5, msr 2:9ffeb141, secondary cpu clock
[    4.848599] mce: CPU supports 0 MCE banks
[    4.857354] x86: Booted up 1 node, 6 CPUs
[    4.858001] smpboot: Total of 6 processors activated (42048.00 BogoMIPS)
[    4.866123] devtmpfs: initialized
[    4.868661] evm: security.selinux
[    4.869238] evm: security.SMACK64
[    4.869798] evm: security.SMACK64EXEC
[    4.870386] evm: security.SMACK64TRANSMUTE
[    4.871023] evm: security.SMACK64MMAP
[    4.871613] evm: security.ima
[    4.872127] evm: security.capability
[    4.872861] clocksource: jiffies: mask: 0xffffffff max_cycles: 0xffffffff, max_idle_ns: 7645041785100000 ns
[    4.874265] futex hash table entries: 2048 (order: 5, 131072 bytes)
[    4.875232] pinctrl core: initialized pinctrl subsystem
[    4.876073] RTC time: 17:16:32, date: 06/08/18
[    4.876923] NET: Registered protocol family 16
[    4.894075] cpuidle: using governor ladder
[    4.909831] cpuidle: using governor menu
[    4.950440] PCCT header not found.
[    5.005419] ACPI: bus type PCI registered
[    5.098534] acpiphp: ACPI Hot Plug PCI Controller Driver version: 0.5
[    5.188088] PCI: Using configuration type 1 for base access
[    5.250535] ACPI: Added _OSI(Module Device)
[    5.251258] ACPI: Added _OSI(Processor Device)
[    5.251938] ACPI: Added _OSI(3.0 _SCP Extensions)
[    5.276442] ACPI: Added _OSI(Processor Aggregator Device)
[    5.331868] ACPI: Executed 1 blocks of module-level executable AML code
[    5.399709] ACPI: Interpreter enabled
[    5.402094] ACPI: (supports S0 S5)
[    5.402665] ACPI: Using IOAPIC for interrupt routing
[    5.406367] PCI: Using host bridge windows from ACPI; if necessary, use "pci=nocrs" and report a bug
[    5.410609] ACPI: PCI Root Bridge [PCI0] (domain 0000 [bus 00-ff])
[    5.411536] acpi PNP0A03:00: _OSC: OS supports [ASPM ClockPM Segments MSI]
[    5.412474] acpi PNP0A03:00: _OSC: not requesting OS control; OS requires [ExtendedConfig ASPM ClockPM MSI]
[    5.447742] acpi PNP0A03:00: fail to add MMCONFIG information, can't access extended PCI configuration space under this bridge.
[    5.490822] PCI host bridge to bus 0000:00
[    5.498370] pci_bus 0000:00: root bus resource [io  0x0000-0x0cf7 window]
[    5.526833] pci_bus 0000:00: root bus resource [io  0x0d00-0xffff window]
[    5.530698] pci_bus 0000:00: root bus resource [mem 0x000a0000-0x000bffff window]
[    5.531858] pci_bus 0000:00: root bus resource [mem 0xe0000000-0xfdffffff window]
[    5.562082] pci_bus 0000:00: root bus resource [bus 00-ff]
[    5.614586] pci 0000:00:01.1: legacy IDE quirk: reg 0x10: [io  0x01f0-0x01f7]
[    5.615516] pci 0000:00:01.1: legacy IDE quirk: reg 0x14: [io  0x03f6]
[    5.616496] pci 0000:00:01.1: legacy IDE quirk: reg 0x18: [io  0x0170-0x0177]
[    5.617424] pci 0000:00:01.1: legacy IDE quirk: reg 0x1c: [io  0x0376]
[    5.698743] pci 0000:00:07.0: quirk: [io  0x4000-0x403f] claimed by PIIX4 ACPI
[    5.728222] pci 0000:00:07.0: quirk: [io  0x4100-0x410f] claimed by PIIX4 SMB
[    5.780583] ACPI: PCI Interrupt Link [LNKA] (IRQs 5 9 10 *11)
[    5.812749] ACPI: PCI Interrupt Link [LNKB] (IRQs 5 9 *10 11)
[    5.823932] ACPI: PCI Interrupt Link [LNKC] (IRQs 5 *9 10 11)
[    5.839348] ACPI: PCI Interrupt Link [LNKD] (IRQs 5 9 10 *11)
[    5.849890] ACPI: Enabled 2 GPEs in block 00 to 07
[    5.916773] vgaarb: setting as boot device: PCI:0000:00:02.0
[    5.933680] vgaarb: device added: PCI:0000:00:02.0,decodes=io+mem,owns=io+mem,locks=none
[    5.941485] vgaarb: loaded
[    5.942003] vgaarb: bridge control possible 0000:00:02.0
[    5.949188] SCSI subsystem initialized
[    5.961036] ACPI: bus type USB registered
[    5.961732] usbcore: registered new interface driver usbfs
[    5.962542] usbcore: registered new interface driver hub
[    6.047168] usbcore: registered new device driver usb
[    6.155397] PCI: Using ACPI for IRQ routing
[    6.233709] NetLabel: Initializing
[    6.308859] NetLabel:  domain hash size = 128
[    6.365082] NetLabel:  protocols = UNLABELED CIPSOv4
[    6.374300] NetLabel:  unlabeled traffic allowed by default
[    6.445564] amd_nb: Cannot enumerate AMD northbridges
[    6.474073] clocksource: Switched to clocksource kvm-clock
[    6.47047] AppArmr:ppmoFisyemnaed[  6.903811] pnp: PnP ACPI init
[    6.973701] pnp: PnP ACPI: fod  dece
[  7394]losouceac_p mask: 0xffffff max_cycles: 0xffffff, max_idle_ns: 2085701024 ns
[    7.524376] NET: Registered protocol family 2
[    7.525267] TCP established hash table entries: 131072 (order: 8, 1048576 bytes)
[    7.528447] TCP bind hash table entries: 65536 (order: 8, 1048576 bytes)
[    7.529619] TCP: Hash tables configured (established 131072 bind 65536)
[    7.530705] UDP hash table entries: 8192 (order: 6, 262144 bytes)
[    7.531687] UDP-Lite hash table entries: 8192 (order: 6, 262144 bytes)
[    7.532864] NET: Registered protocol family 1
[    7.533561] pci 0000:00:00.0: Limiting direct PCI/PCI transfers
[    7.534482] pci 0000:00:01.0: Activating ISA DMA hang workarounds
[    7.535520] Unpacking initramfs...

[    9.912190] Freeing initrd memory: 10872K
[    9.913107] PCI-DMA: Using software bounce buffering for IO (SWIOTLB)
[    9.9115] software IO TLB [mem 0xdbff0000-0xdfff000] (64MB) mapped at [ffff8800dbff0000-ffff8800dffeffff]
[    9.988365] platform rtc_cmos: registered platform RTC device (no PNP device found)
[    9.989683] Scanning for low memory corruption every 60 seconds
[  9.990880] audit: initializing netlink subsys (disabled)
[   10.041578] audit: type=2000 audit(1528478197.738:1): initialized
[   10.093794] Initialise system trusted keyring
[   10.094787] HugeTLB registered 2 MB page size, pre-allocated 0 pages
[   10.111116] zbud: loaded
[   10.122076] VFS: Disk quotas dquot_6.6.0
[   10.122875] VFS: Dquot-cache hashab entries: 512 (order 0, 4096 bytes)
[   10.214146] squashfs: version4.(29//3 Pllip Louhe
[ 10219]usin (I rson 723)
[ 10.43] y pe big_key registered
[   10.984784] tsc: Refined TSC clocksource calibration: 3504.367 MHz
[   10.984785] clocksource: tsc: mask: 0xffffffffffffffff max_cycles: 0x32836e7d920, max_idle_ns: 440795364293 ns
[   11.227779] Allocating IMA MOK and blacklist keyrings.

[   11.230616] Key type asymmetric registered
[   11.231273] Asymmetric key parser 'x509' registered
[   11.232072] Block layer SCSI generic (bsg) driver version 0.4 loaded (major 249)
[   11.235113] io scheduler noop registered
[   11.235728] io scheduler deadline registered (default)
[   11.236660] io scheduler cfq registered
[   11.254164] pci_hotplug: PCI Hot Plug PCI Core version: 0.5
[   11.255010] pciehp: PCI Express Hot Plug Controller Driver version: 0.4
[   11.255993] ACPI: AC Adapter [AC] (on-line)
[   11.321837] input: Power Button as /devices/LNXSYSTM:00/LNXPWRBN:00/input/input0
[   11.419232] ACPI: Power Button [PWRF]
[   11.445525] input: Sleep Button as /devices/LNXSYSTM:00/LNXSLPBN:00/input/input1
[   11.481897] ACPI: Sleep Button [SLPF]
[   11.505452] GHES: HEST is not enabled!
[   11.529925] Serial: 8250/16550 driver, 32 ports, IRQ sharing enabled
[   11.582952] 00:02: ttyS0 at I/O 0x3f8 (irq = 4, base_baud = 115200) is a 16550A
[   11.584942] Linux agpgart interface v0.103
[   11.58841] loop: module loaded

[   11.628161] scsi host0: ata_piix
[   11.629076] scsi host1: ata_piix
[   11.635929] ata1: PATA max UDMA/33 cmd 0x1f0 ctl 0x3f6 bmdma 0xd000 irq 14
[   11.636898] ata2: PATA max UDMA/33 cmd 0x170 ctl 0x376 bmdma 0xd008 irq 15
[   11.644997] libphy: Fixed MDIO Bus: probed
[   11.658496] tun: Universal TUN/TAP device driver, 1.6
[   11.659270] tun: (C) 1999-2004 Max Krasnyansky <maxk@qualcomm.com>
[   11.660162] PPP generic driver version 24.
[   11.798683] ecicdUSB 2.0 'Enhanced' stontroller (EHCI) Driver
[   12.006816] ehci-pci: EHCI PCI platform driver
[   12.022506] ehci-platform: EHCI generic platform driver
[   12.023336] ohci_hcd: USB 1.1 'Open' Host Controller (OHCI) Driver
[   12.024173] ohci-pci: OHCI PCI platform driver
[   12.025005] ohci-platform: OHCI generic platform driver
[   12.025768] uhci_hcd: USB Universal Host Controller Interface driver
[   12.033641] i8042: PNP: PS/2 Controller [PNP0303:PS2K,PNP0f03:PS2M] at 0x60,0x64 irq 1,12
[   12.0354]er: 042 KBD port at 0x60,0x64 irq 1
[   12.235194] serio: i8042 AUX port at 0x60,0x64 irq 12
[   .236222] mousedev: PS/2 mouse device common for all mice
[   12.283707] rtc_cmos rtc_cmos: rtc core: registered rtc_cmos as rtc0
[   12.284716] rtc_cmos rtc_cmos: alarms up to one day, 114 bytes nvram
[   12.285646] i2c /dev entries driver
[   12.286300] input: AT Translated Set 2 keyboard as /devices/platform/i8042/serio0/int/input2
[   12.296838] device-mapper: uevent: version 1.0.3
[   12.333016] device-mapper: ioctl: 4.34.0-ioctl (2015-10-28) initialised: dm-devel@redhat.com
[   12.333034] ledtrig-cpu: registered to indicate activity on CPUs
[   12.333561] NET: Registered protocol family 10
[   12.333703] NET: Registered protocol family 17
[   12.333711] Key type dns_resolver registered
[   12.333913] registered taskstats version 1
[   12.333927] Loading compiled-in X.509 certificates
[   12.334396] Loaded X.509 cert 'Build time autogenerated kernel key: 9f6f572a3ee0cb468eb8db4aa61815bc74ef6adb'
[   12.334409] zswap: loaded using pool lzo/zbud
[   12.335790] Key type trusted registered
[   12.338523] Key type encrypted registered
[   12.338528] AppArmor: AppArmor sha1 policy hashing enabled
[   12.338530] ima: No TPM chip found, activating TPM-bypass!
[   12.338545] evm: HMAC attrs: 0x1
[   12.338883]   Magic number: 6:124:289
[   12.338907] tty tty22: hash matches
[   12.348041] rtc_cmos rtc_cmos: setting system clock to 2018-06-08 17:16:40 UTC (1528478200)
[   12.348178] BIOS EDD facility v0.16 2004-Jun-25, 0 devices found
[   12.348178] EDD information not available.
[   12.419068] Freeing unused kernel memory: 1512K
[   12.419751] Write protecting the kernel read-only data: 14336k
[   12.424391] Freeing unused kernel memory: 1692K
[   12.426842] Freeing unused kernel memory: 96K
Loading, please wait...
starting version[   12.437414] random: systemd-udevd: uninitialized urandom read (16 bytes read, 3 bits of entropy available)
 229
[   12.438042] random: udevadm: uninitialized urandom read (16 bytes read, 3 bits of entropy available)
[   12.438055] random: udevadm: uninitialized urandom read (16 bytes read, 3 bits of entropy available)
[   12.443484] random: udevadm: uninitialized urandom read (16 bytes read, 3 bits of entropy available)
[   12.443514] random: udevadm: uninitialized urandom read (16 bytes read, 3 bits of entropy available)
[   12.443747] random: udevadm: uninitialized urandom read (16 bytes read, 3 bits of entropy available)
[   12.443783] random: udevadm: uninitialized urandom read (16 bytes read, 3 bits of entropy available)
[   12.443816] random: udevadm: uninitialized urandom read (16 bytes read, 3 bits of entropy available)
[   12.443852] random: udevadm: uninitialized urandom read (16 bytes read, 3 bits of entropy available)
[   12.443888] random: udevadm: uninitialized urandom read (16 bytes read, 3 bits of entropy available)
[   12.548955] e1000: Intel(R) PRO/1000 Network Driver - version 7.3.21-k8-NAPI
[   12.550206] e1000: Copyright (c) 1999-2006 Intel Corporation.
[   12.551275] Fusion MPT base driver 3.04.20
[   12.559377] Copyright (c) 1999-2008 LSI Corporation
[   12.578354] AVX2 version of gcm_enc/dec engaged.
[   12.579512] AES CTR mode by8 optimization enabled
[   12.590309] Fusion MPT SPI Host driver 3.04.20
[   12.783426] input: ImExPS/2 Generic Explorer Mouse as /devices/platform/i8042/serio1/input/input4
[   12.892973] e1000 0000:00:03.0 eth0: (PCI:33MHz:32-bit) 02:e4:ac:f5:39:a9
[   12.929261] e1000 0000:00:03.0 eth0: Intel(R) PRO/1000 Network Connection
[   13.576102] e1000 0000:00:08.0 eth1: (PCI:33MHz:32-bit) 08:00:27:b8:c1:d7
[   13.578160] e1000 0000:00:08.0 eth1: Intel(R) PRO/1000 Network Connection
[   13.582616] mptbase: ioc0: Initiating bringup
[   13.582785] e1000 0000:00:03.0 enp0s3: renamed from eth0
[   13.597222] e1000 0000:00:08.0 enp0s8: renamed from eth1
[   13.652134] ioc0: LSI53C1030 A0: Capabilities={Initiator}
[   14.075329] scsi host2: ioc0: LSI53C1030 A0, FwRev=00000000h, Ports=1, MaxQ=256, IRQ=20
[   14.512143] scsi 2:0:0:0: Direct-Access     VBOX     HARDDISK         1.0  PQ: 0 ANSI: 5
[   14.578024] scsi target2:0:0: Beginning Domain Validation
[   14.599870] scsi target2:0:0: Domain Validation skipping write tests
[   14.600804] scsi target2:0:0: Ending Domain Validation
[   14.697771] scsi target2:0:0: asynchronous
[   14.698681] scsi 2:0:1:0: Direct-Access     VBOX     HARDDISK         1.0  PQ: 0 ANSI: 5
[   14.699902] scsi target2:0:1: Beginning Domain Validation
[   14.701180] scsi target2:0:1: Domain Validation skipping write tests
[   14.702054] scsi target2:0:1: Ending Domain Validation
[   14.702842] scsi target2:0:1: asynchronous
[   14.707458] sd 2:0:0:0: Attached scsi generic sg0 type 0
[   14.708292] sd 2:0:0:0: [sda] 20971520 512-byte logical blocks: (10.7 GB/10.0 GiB)
[   14.716562] sd 2:0:0:0: [sda] Write Protect is off
[   14.716819] sd 2:0:1:0: [sdb] 20480 512-byte logical blocks: (10.5 MB/10.0 MiB)
[   14.716926] sd 2:0:1:0: [sdb] Write Protect is off
[   14.716978] sd 2:0:1:0: [sdb] Incomplete mode parameter data
[   14.716979] sd 2:0:1:0: [sdb] Assuming drive cache: write through
[   14.724899] sd 2:0:1:0: Attached scsi generic sg1 type 0
[   14.746058] sd 2:0:0:0: [sda] Incomplete mode parameter data
[   14.746263] sd 2:0:1:0: [sdb] Attached SCSI disk
[   14.756415] sd 2:0:0:0: [sda] Assuming drive cache: write through
[   14.779787]  sda: sda1
[   14.780871] sd 2:0:0:0: [sda] Attached SCSI disk
Begin: Loading e[   16.325425] md: linear personality registered for level -1
ssential drivers[   16.338689] md: multipath personality registered for level -4
 ... [   16.349516] md: raid0 personality registered for level 0
[   16.360951] md: raid1 personality registered for level 1
[   16.444867] raid6: sse2x1   gen() 12417 MB/s
[   16.513550] raid6: sse2x1   xor()  8477 MB/s
[   16.580760] raid6: sse2x2   gen() 15582 MB/s
[   16.649944] raid6: sse2x2   xor() 10720 MB/s
[   16.716762] raid6: sse2x4   gen() 17812 MB/s
[   16.812804] raid6: sse2x4   xor() 11876 MB/s
[   16.889365] raid6: avx2x1   gen() 24947 MB/s
[   16.957083] raid6: avx2x2   gen() 28403 MB/s
[   17.053265] raid6: avx2x4   gen() 32046 MB/s
[   17.060841] raid6: using algorithm avx2x4 gen() 32046 MB/s
[   17.061670] raid6: using avx2x2 recovery algorithm
[   17.063620] xor: automatically using best checksumming function:
[   17.101371]    avx       : 20047.000 MB/sec
[   17.103087] async_tx: api initialized (async)
[   17.111176] md: raid6 personality registered for level 6
[   17.112077] md: raid5 personality registered for level 5
[   17.112863] md: raid4 personality registered for level 4
[   17.134658] md: raid10 personality registered for level 10
done.
Begin: Running /scripts/init-premount ... done.
Begin: Mounting root file system ... Begin: Running /scripts/local-top ... done.
Begin: Running /scripts/local-premount ... [   17.155871] Btrfs loaded
Scanning for Btrfs filesystems
done.
Warning: fsck no[   17.222819] EXT4-fs (sda1): INFO: recovery required on readonly filesystem
t present, so sk[   17.382184] EXT4-fs (sda1): write access will be enabled during recovery
ipping root file system
[   19.538406] random: nonblocking pool is initialized
[   20.030415] EXT4-fs (sda1): orphan cleanup on readonly fs
[   20.031279] EXT4-fs (sda1): 7 orphan inodes deleted
[   20.031978] EXT4-fs (sda1): recovery complete
[   20.033379] EXT4-fs (sda1): mounted filesystem with ordered data mode. Opts: (null)
done.
Begin: Running /scripts/local-bottom ... done.
Begin: Running /scripts/init-bottom ... done.
[   21.568073] systemd[1]: systemd 229 running in system mode. (+PAM +AUDIT +SELINUX +IMA +APPARMOR +SMACK +SYSVINIT +UTMP +LIBCRYPTSETUP +GCRYPT +GNUTLS +ACL +XZ -LZ4 +SECCOMP +BLKID +ELFUTILS +KMOD -IDN)
[   21.570882] systemd[1]: Detected virtualization oracle.
[   21.571644] systd[: Detected architecture x86-64. 
Welcome to [1mUbuntu 16.04.4 LTS[0m!

[   22.016384] systemd[1]: Set hostne  <un-xia.
[ 24.375596] systemd[1]: Listening on Syslog Socket.
[[0;32m  OK  [0m] Listening on Syslog Socket.
[   24.679027] systemd[1]: Started Forward PasswordRequest tWall Directory Watch.
[[0;32m  OK  [0m] Started Forward Password Requests to Wall Directory Watch.
[   24.859759] systemd[1]: Listening on udev Kernel Socket.
[[0;32m  OK  [0m] Listening on udev Kernel Socket.
[   24.861645] systemd[1]: Set up automount Arbitrary Executable File Formats File System Automount Point.
[[0;32m  OK  [0m] Set up automount Arbitrary Executab...ats File System Automount Point.
[ 246488] syemd[1]: Reached target User and roup amLoup
[[0;32m  OK  [0m] Reached target User and Group Name Lookups.
[ 257475] systemd[1]: Created slice User and SeioSle. [[0;32m  OK  [0m] Created slice User and Session Slice.
[   26.056835] systemd[1]: Created slice System Slice.
[[0;32m  OK  [0m] Created slice System Slice.
[   26.059102] systemd[1]: Created slice system-serial\x2dgetty.slice.
[[0;32m  OK  [0m] Created slice system-serial\x2dgetty.slice.
[   26.060868] systemd[1]: Reached target System Time Synchronized.
[[0;32m  OK  [0m] Reached target System Time Synchronized.
[   26.062824] systemd[1]: Listening on /dev/initctl Compatibility Named Pipe.
[[0;32m  OK  [0m] Listening on /dev/initctl Compatibility Named Pipe.
[   26.064752] systemd[1]: Reached target Encrypted Volumes.
[[0;32m  OK  [0m] Reached target Encrypted Volumes.
[   26.066414] systemd[1]: Listening on Journal Audit Socket.
[[0;32m  OK  [0m] Listening on Journal Audit Socket.
[   26.090694] systemd[1]: Reached target Slices.
[[0;32m  OK  [0m] Reached target Slices.
[   26.092149] systemd[1]: Listening on LVM2 metadata daemon socket.
[[0;32m  OK  [0m] Listening on LVM2 metadata daemon socket.
[   26.093926] systemd[1]: Listening on LVM2 poll daemon socket.
[[0;32m  OK  [0m] Listening on LVM2 poll daemon socket.
[   26.095520] systemd[1]: Reached target Swap.
[[0;32m  OK  [0m] Reached target Swap.
[   26.096862] systemd[1]: Listening on Device-mapper event daemon FIFOs.
[[0;32m  OK  [0m] Listening on Device-mapper event daemon FIFOs.
[   26.098666] systemd[1]: Listening on Journal Socket.
[[0;32m  OK  [0m] Listening on Journal Socket.
[   26.467072] systemd[1]: Starting Set console keymap...
         Starting Set console keymap...
[   26.537784] systemd[1]: Starting Create list of required static device nodes for the current kernel...
         Starting Create list of required st... nodes for the current kernel...
[   26.777512] systemd[1]: Starting Monitoring of LVM2 mirrors, snapshots etc. using dmeventd or progress polling...
         Starting Monitoring of LVM2 mirrors... dmeventd or progress polling...
[   27.013791] systemd[1]: Starting Nameserver information manager...
         Starting Nameserver information manager...
[   27.173703] systemd[1]: Mounting POSIX Message Queue File System...
         Mounting POSIX Message Queue File System...
[   27.293779] systemd[1]: Starting Uncomplicated firewall...
         Starting Uncomplicated firewall...
[   27.697637] systemd[1]: Starting Remount Root and Kernel File Systems...
[   27.711008] EXT4-fs (sda1): re-mounted. Opts: (null)
         Starting Remount Root and Kernel File Systems...
[  28.0634] std[: Listening on Journal Socket (/dev/log).
[[0;32m  OK  [0m] Listening on Journal Socket (/dev/log).

[   28.502359] systemd[1]: Mounting Huge Pages File System...
         Mounting Huge Pages File System...
[  28.665674] systemd[1]: Started Trigger resolvconf update for networkd DNS.
[[0;32m  OK  [0m] Started Trigger resolvconf update for networkd DNS.
[   28.985418] systemd[1]: Mounting Debug File System...
         Mounting Debug File System...
[  29.061305] systemd[1]: Starting Journalervice...
         Starting Journal Service...
[   29.681115] systmd[1]: Starting Load Kernel Modules...
         [   29.801819] Loading iSCSI transport class v2.0-870.
Starting Load Kernel Modules...
[   29.8233] ystemd[1]: Listening on udev Control Socket.
[[0;32m  OK  [0m] Listening on udev Control Socket.
[   29.928903] systemd[1]: Mounted Huge Pages File System.
[[0;32m  OK  [0m] Mounted Huge Pages File System.
[   29.961333] systemd[1]: Mounted POSIX Message Queue File System.
[[0;32m  OK  [0m] Mounted POSI[   29.978832] iscsi: registered transport (tcp)
X Message Queue File System.
[   30.110127] systemd[1]: Mounted Debug File System.
[[0;32m  OK  [0m] Mounted Debug File System.
[   30.214870] syste[1 Started Journal Service.

[[0;32m  OK  [0m] Started Journal Service.
[[0;32m  OK  [0m] Started Set console keymap.[   30.412409] iscsi: registered transport (iser)

[[0;32m  OK  [0m] Started Create list of required sta...ce nodes for the current kernel.
[[0;32m  OK  [0m] Started Uncomplicated firewall.
[[0;32m  OK  [0m] Started Remount Root and Kernel File Systems.
[[0;32m  OK  [0m] Started Load Kernel Modules.
[[0;32m  OK  [0m] Started Nameserver information manager.
[[0;32m  OK  [0m] Started LVM2 metadata daemon.
         Mounting FUSE Control File System...
         Starting Apply Kernel Variables...
         Starting udev Coldplug all Devices...
         Starting Load/Save Random Seed...
         Starting Create Static Device Nodes in /dev...
         Starting Flush Journal to Persistent Storage...
[[0;32m  OK  [0m] Mounted FUSE Control File System.
[[0;32m  OK  [0m] Started Monitoring of LVM2 mirrors,...ng dmeventd or progress polling.
[[0;32m  OK  [0m] Started Apply Kernel Variables.
[[0;32m  OK  [0m] Started Load/Save Random Seed.
[[0;32m  OK  [0m] Started Create Static Device Nodes in /dev.
[[0;32m  OK  [0m] Started udev Coldplug all Devices.
         Starting udev Kernel Device Manager...
[[0;32m  OK  [0m] Started Flush Journal to Persistent Storage.
[[0;32m  OK  [0m] Started udev Kernel Device Manager.
[[0;32m  OK  [0m] Found device /dev/ttyS0.
[[0;32m  OK  [0m] Reached target Local File Systems (Pre).
[[0;32m  OK  [0m] Reached target Local File Systems.
         Starting Tell Plymouth To Write Out Runtime Data...
         Starting Set console font and keymap...
         Starting Initial cloud-init job (pre-networking)...
         Starting LSB: AppArmor initialization...
[[0;32m  OK  [0m] Started Dispatch Password Requests to Console Directory Watch.
         Starting Create Volatile Files and Directories...
[[0;32m  OK  [0m] Started Tell Plymouth To Write Out Runtime Data.
[[0;32m  OK  [0m] Started Create Volatile Files and Directories.
         Starting Update UTMP about System Boot/Shutdown...
[[0;32m  OK  [0m] Listening on Load/Save RF Kill Switch Status /dev/rfkill Watch.
[[0;32m  OK  [0m] Found device 82540EM Gigabit Ethern...r (PRO/1000 MT Desktop Adapter).
[[0;32m  OK  [0m] Started Set console font and keymap.
[[0;32m  OK  [0m] Found device 82540EM Gigabit Ethern...r (PRO/1000 MT Desktop Adapter).
[[0;32m  OK  [0m] Created slice system-getty.slice.
[[0;32m  OK  [0m] Started Update UTMP about System Boot/Shutdown.
[[0;32m  OK  [0m] Started LSB: AppArmor initialization.
[   33.986503] cloud-init[556]: Cloud-init v. 18.2 running 'init-local' at Fri, 08 Jun 2018 17:17:07 +0000. Up 33.25 seconds.
[[0;32m  OK  [0m] Started Initial cloud-init job (pre-networking).
[[0;32m  OK  [0m] Reached target Network (Pre).
[[0;32m  OK  [0m] Started ifup for enp0s8.
         Starting Raise network interfaces...
[[0;32m  OK  [0m] Started ifup for enp0s3.
[[0;32m  OK  [0m] Started Raise network interfaces.
[[0;32m  OK  [0m] Reached target Network.
         Starting Initial cloud-init job (metadata service crawler)...
[   36.121458] cloud-init[1137]: Cloud-init v. 18.2 running 'init' at Fri, 08 Jun 2018 17:17:09 +0000. Up 35.25 seconds.
[   36.245929] [cloud-init[0;32m  OK  [0m[1137]: ] ci-info: ++++++++++++++++++++++++++++++++++++++Net device info++++++++++++++++++++++++++++++++++++++Started Initial cloud-init job (metadata service crawler).

[   36.247085] cloud-init[1137]: ci-info: +--------+------+-----------------------------+---------------+-------+-------------------+
[   36.832390] [cloud-init[0;32m  OK  [0m[1137]: ] ci-info: | Device |  Up  |           Address           |      Mask     | Scope |     Hw-Address    |Reached target Cloud-config availability.

[   37.060390] [cloud-init[0;32m  OK  [0m[1137]: ] ci-info: +--------+------+-----------------------------+---------------+-------+-------------------+Reached target System Initialization.

[[0;32m  OK  [0m] Listening on D-Bus System Message Bus Socket.
[   37.063065] cloud-init[1137]: ci-info: | enp0s3 | True |          10.0.2.15          | 255.255.255.0 |   .   | 02:e4:ac:f5:39:a9 |
[   37.688903] [cloud-init[0;32m  OK  [0m[1137]: ] ci-info: | enp0s3 | True |  fe80::e4:acff:fef5:39a9/64 |       .       |  link | 02:e4:ac:f5:39:a9 |Started ACPI Events Check.

[   37.789548] [cloud-init[0;32m  OK  [0m[1137]: ] ci-info: | enp0s8 | True |        192.168.33.10        | 255.255.255.0 |   .   | 08:00:27:b8:c1:d7 |Reached target Paths.

[   37.791447] cloud-init[1137]: ci-info: | enp0s8 | True | fe80::a00:27ff:feb8:c1d7/64 |       .       |  link | 08:00:27:b8:c1:d7 |
[   37.846354] cloud-init[1137]: ci-info: |   lo   | True |          127.0.0.1          |   255.0.0.0   |   .   |         .         |
[   37.847938] cloud-init[1137]: ci-info: |   lo   | True |           ::1/128           |       .       |  host |         .         |
[   37.849616] cloud-init[1137]: ci-info: +--------+------+-----------------------------+---------------+-------+-------------------+
[   37.851207] cloud-init[1137]: ci-info: ++++++++++++++++++++++++++++Route IPv4 info++++++++++++++++++++++++++++
[   38.065382] [cloud-init[0;32m  OK  [0m[1137]: ] ci-info: +-------+--------------+----------+---------------+-----------+-------+Started Daily apt download activities.

[   38.067257]          cloud-initStarting Docker Socket for the API.[1137]: 
ci-info: | Route | Destination  | Gateway  |    Genmask    | Interface | Flags |
[   38.587672] [[0;32m  OK  [0m] Started Clean PHP session files every 30 mins.
         Starting Socket activation for snappy daemon.
         Starting LXD - unix socket.
[[0;32m  OK  [0m] Started Daily apt upgrade and clean activities.
[[0;32m  OK  [0m] Listening on UUID daemon activation socket.
[[0;32m  OK  [0m] Started Daily Cleanup of Temporary Directories.
[[0;32m  OK  [0m] Reached target Timers.
[[0;32m  OK  [0m] Listening on ACPID Listen Socket.
[[0;32m  OK  [0m] Reached target Network is Online.
cloud-init[1137]: ci-info: +-------+--------------+----------+---------------+-----------+-------+
[   38.946810]          Starting iSCSI initiator daemon (iscsid)...
cloud-init[[0;32m  OK  [0m] Listening on Docker Socket for the API.
[[0;32m  OK  [0m] Listening on Socket activation for snappy daemon.
[[0;32m  OK  [0m] Listening on LXD - unix socket.
[1137]: ci-info: |   0   |   0.0.0.0    | 10.0.2.2 |    0.0.0.0    |   enp0s3  |   UG  |
[   39.114221] [[0;32m  OK  [0m] Reached target Sockets.
[[0;32m  OK  [0m] Reached target Basic System.
cloud-init[1137]: ci-info: |   1   |   10.0.2.0   | 0.0.0.0  | 255.255.255.0 |   enp0s3  |   U   |
[   39.185282]          Starting Apply the settings specified in cloud-config...
cloud-init[1137]: ci-info: |   2   | 192.168.33.0 | 0.0.0.0  | 255.255.255.0 |   enp0s8  |   U   |
[   39.207107] cloud-init[1137]: ci-info: +-------+--------------+----------+---------------+-----------+-------+
         Starting LSB: Record successful boot for GRUB...
         Starting Accounts Service...
[[0;32m  OK  [0m] Started Deferred execution scheduler.
[[0;32m  OK  [0m] Started FUSE filesystem for LXC.
         Starting Login Service...
[[0;32m  OK  [0m] Started Regular background program processing daemon.
         Starting LXD - container startup/shutdown...
         Starting System Logging Service...
         Starting Virtualbox guest utils...
[[0;32m  OK  [0m] Started D-Bus System Message Bus.
[   40.363951] cloud-init[1196]: Cloud-init v. 18.2 running 'modules:config' at Fri, 08 Jun 2018 17:17:13 +0000. Up 39.30 seconds.
         Starting OpenBSD Secure Shell server...
         Starting /etc/rc.local Compatibility...
[[0;32m  OK  [0m] Started Unattended Upgrades Shutdown.
         Starting Docker Application Container Engine...
         Starting Snappy daemon...
         Starting Clean php session files...
         Starting LSB: MD monitoring daemon...
[[0;32m  OK  [0m] Started ACPI event daemon.
[[0;32m  OK  [0m] Started System Logging Service.
[[0;32m  OK  [0m] Started iSCSI initiator daemon (iscsid).
[[0;32m  OK  [0m] Started Apply the settings specified in cloud-config.
[[0;32m  OK  [0m] Started /etc/rc.local Compatibility.
         Starting Login to default iSCSI targets...
[[0;32m  OK  [0m] Started Login Service.
[[0;32m  OK  [0m] Started LSB: Record successful boot for GRUB.
[[0;32m  OK  [0m] Started OpenBSD Secure Shell server.
[[0;32m  OK  [0m] Started LSB: MD monitoring daemon.
[[0;32m  OK  [0m] Started Login to default iSCSI targets.
[[0;32m  OK  [0m] Reached target Remote File Systems (Pre).
[[0;32m  OK  [0m] Reached target Remote File Systems.
         Starting LSB: Apache2 web server...
         Starting LSB: Set the CPU Frequency Scaling governor to "ondemand"...
         Starting LSB: daemon to balance interrupts for SMP systems...
         Starting LSB: automatic crash report generation...
         Starting Permit User Sessions...
         Starting Authenticate and Authorize Users to Run Privileged Tasks...
[[0;32m  OK  [0m] Started LSB: Set the CPU Frequency Scaling governor to "ondemand".
[[0;32m  OK  [0m] Started Permit User Sessions.
         Starting Hold until boot process finishes up...
         Starting Terminate Plymouth Boot Screen...
[[0;32m  OK  [0m] Started Hold until boot process finishes up.
[[0;32m  OK  [0m] Started Terminate Plymouth Boot Screen.
[[0;32m  OK  [0m] Started LSB: daemon to balance interrupts for SMP systems.
[[0;32m  OK  [0m] Started Getty on tty1.
[[0;32m  OK  [0m] Started Serial Getty on ttyS0.
[[0;32m  OK  [0m] Reached target Login Prompts.
         Starting Set console scheme...
[[0;32m  OK  [0m] Started LSB: automatic crash report generation.
[[0;32m  OK  [0m] Started Virtualbox guest utils.
[[0;32m  OK  [0m] Started Set console scheme.
[[0;32m  OK  [0m] Started Authenticate and Authorize Users to Run Privileged Tasks.
[[0;32m  OK  [0m] Started Accounts Service.
[[0;32m  OK  [0m] Created slice User Slice of vagrant.
         Starting User Manager for UID 1000...
[[0;32m  OK  [0m] Started Session 1 of user vagrant.
[[0;32m  OK  [0m] Started LXD - container startup/shutdown.
[[0;32m  OK  [0m] Started User Manager for UID 1000.
[[0;32m  OK  [0m] Started Snappy daemon.
         Starting Wait until snapd is fully seeded...
[[0;32m  OK  [0m] Started Wait until snapd is fully seeded.

Ubuntu 16.04.4 LTS ubuntu-xenial ttyS0

ubuntu-xenial login: [   62.902191] cloud-init[2262]: Cloud-init v. 18.2 running 'modules:final' at Fri, 08 Jun 2018 17:17:36 +0000. Up 62.55 seconds.
[   62.902663] cloud-init[2262]: Cloud-init v. 18.2 finished at Fri, 08 Jun 2018 17:17:37 +0000. Datasource DataSourceNoCloud [seed=/dev/sdb][dsmode=net].  Up 62.89 seconds
